
> echodeed-temp@1.0.0 start
> cross-env NODE_ENV=production node server-wrapper.mjs

2:14:54 PM [express] Starting EchoDeed application in production mode...
2:14:54 PM [express] Checking required environment variables for production...
2:14:54 PM [express] ✓ All required environment variables are present
2:14:54 PM [express] Registering routes and setting up server...
Running in non-Replit environment - using demo authentication mode
[RetryWorker] Started (interval ms): 60000
💜 Starting Pulse Check Scheduler Service...
✅ Pulse Check Scheduler running - checking every minute
2:14:54 PM [express] ✓ Routes registered successfully
2:14:54 PM [express] Setting up static file serving...
2:14:54 PM [express] ✓ Static file serving configured for production
2:14:54 PM [express] Starting server on 0.0.0.0:5000...
2:14:54 PM [express] ✓ EchoDeed application successfully started and serving on port 5000
2:14:54 PM [express] ✓ Server is accessible at http://0.0.0.0:5000
2:14:54 PM [express] ✓ Environment: production
2:14:54 PM [express] ✓ No background schedulers required for high school FERPA compliance
2:14:54 PM [express] ⚠️  Skipping sample data initialization in production
2:14:54 PM [express] 💡 Use POST /api/admin/init-demo-data endpoint when needed
⚠️ Subscription plans initialization temporarily disabled due to schema mismatch
[Webhook] Resend event received: message.delivered
2:15:17 PM [express] POST /api/webhooks/resend 200 in 12ms :: {"ok":true}
[RetryQueue] Attempting retry for manual-test-1
[RetryQueue] Enqueued email: retry-1769886955776-ipiihm
[RetryQueue] Attempting retry for manual-test-1
[RetryQueue] Enqueued email: retry-1769887075517-8qb32a
🧹 Rate limiter cleanup: 0 active records
[RetryQueue] Attempting retry for manual-test-1
[RetryQueue] Enqueued email: retry-1769887195419-hcmy03
[RetryQueue] Attempting retry for manual-test-1
[RetryQueue] Enqueued email: retry-1769887315618-p9jgf9
[RetryQueue] Attempting retry for manual-test-1
[RetryQueue] Enqueued email: retry-1769887435743-r27pif
🧹 Rate limiter cleanup: 0 active records
🧹 Rate limiter cleanup: 0 active records
